0 info it worked if it ends with ok
1 verbose cli [ 'node', '/usr/local/bin/npm', 'run', 'tsc' ]
2 info using npm@2.13.1
3 info using node@v0.12.0
4 verbose stack Error: Failed to parse json
4 verbose stack Trailing comma in object at 10:3
4 verbose stack   },
4 verbose stack   ^
4 verbose stack     at parseError (/usr/local/lib/node_modules/npm/node_modules/read-package-json/read-json.js:379:11)
4 verbose stack     at parseJson (/usr/local/lib/node_modules/npm/node_modules/read-package-json/read-json.js:68:23)
4 verbose stack     at /usr/local/lib/node_modules/npm/node_modules/read-package-json/read-json.js:48:5
4 verbose stack     at evalmachine.<anonymous>:336:14
4 verbose stack     at /usr/local/lib/node_modules/npm/node_modules/read-package-json/node_modules/graceful-fs/graceful-fs.js:102:5
4 verbose stack     at FSReqWrap.oncomplete (evalmachine.<anonymous>:99:15)
5 verbose cwd /Users/tayane_valls/dev/angular2/TJRest.AngularJS2
6 error Darwin 15.0.0
7 error argv "node" "/usr/local/bin/npm" "run" "tsc"
8 error node v0.12.0
9 error npm  v2.13.1
10 error file /Users/tayane_valls/dev/angular2/TJRest.AngularJS2/package.json
11 error code EJSONPARSE
12 error Failed to parse json
12 error Trailing comma in object at 10:3
12 error   },
12 error   ^
13 error File: /Users/tayane_valls/dev/angular2/TJRest.AngularJS2/package.json
14 error Failed to parse package.json data.
14 error package.json must be actual JSON, not just JavaScript.
14 error
14 error This is not a bug in npm.
14 error Tell the package author to fix their package.json file. JSON.parse
15 verbose exit [ 1, true ]
