0 info it worked if it ends with ok
1 verbose cli [ 'node', '/usr/local/bin/npm', 'run', 'tsc' ]
2 info using npm@2.13.1
3 info using node@v0.12.0
4 verbose stack Error: missing script: tsc
4 verbose stack     at run (/usr/local/lib/node_modules/npm/lib/run-script.js:142:19)
4 verbose stack     at /usr/local/lib/node_modules/npm/lib/run-script.js:58:5
4 verbose stack     at /usr/local/lib/node_modules/npm/node_modules/read-package-json/read-json.js:345:5
4 verbose stack     at checkBinReferences_ (/usr/local/lib/node_modules/npm/node_modules/read-package-json/read-json.js:309:45)
4 verbose stack     at final (/usr/local/lib/node_modules/npm/node_modules/read-package-json/read-json.js:343:3)
4 verbose stack     at then (/usr/local/lib/node_modules/npm/node_modules/read-package-json/read-json.js:113:5)
4 verbose stack     at /usr/local/lib/node_modules/npm/node_modules/read-package-json/read-json.js:300:12
4 verbose stack     at evalmachine.<anonymous>:336:14
4 verbose stack     at /usr/local/lib/node_modules/npm/node_modules/read-package-json/node_modules/graceful-fs/graceful-fs.js:102:5
4 verbose stack     at FSReqWrap.oncomplete (evalmachine.<anonymous>:99:15)
5 verbose cwd /Users/tayane_valls/dev/angular2/TJRest.AngularJS2/src
6 error Darwin 15.0.0
7 error argv "node" "/usr/local/bin/npm" "run" "tsc"
8 error node v0.12.0
9 error npm  v2.13.1
10 error missing script: tsc
11 error If you need help, you may report this error at:
11 error     <https://github.com/npm/npm/issues>
12 verbose exit [ 1, true ]
